<?xml version="1.0" encoding="UTF-8"?>
<!-- Generated by org.testng.reporters.JUnitReportReporter -->
<testsuite skipped="0" hostname="DESKTOP-O3QSOSB" name="test.LoginTest" tests="1" failures="0" timestamp="18 Jul 2021 09:11:46 GMT" time="20.718" errors="0">
  <testcase name="Testcase1" time="20.718" classname="test.LoginTest"/>
</testsuite> <!-- test.LoginTest -->
