<?xml version="1.0" encoding="UTF-8"?>
<!-- Generated by org.testng.reporters.JUnitReportReporter -->
<testsuite skipped="0" hostname="DESKTOP-O3QSOSB" name="testNGExamples.Testcase1" tests="1" failures="0" timestamp="17 Jul 2021 17:27:31 GMT" time="0.002" errors="0">
  <testcase name="LoanTest" time="0.002" classname="testNGExamples.Testcase1"/>
</testsuite> <!-- testNGExamples.Testcase1 -->
