<?xml version="1.0" encoding="UTF-8"?>
<!-- Generated by org.testng.reporters.JUnitReportReporter -->
<testsuite skipped="0" hostname="DESKTOP-O3QSOSB" name="testNGExamples.Testcase2" tests="1" failures="0" timestamp="17 Jul 2021 17:27:31 GMT" time="0.006" errors="0">
  <testcase name="InsuranceTest" time="0.006" classname="testNGExamples.Testcase2"/>
</testsuite> <!-- testNGExamples.Testcase2 -->
