<?xml version="1.0" encoding="UTF-8"?>
<!-- Generated by org.testng.reporters.JUnitReportReporter -->
<testsuite hostname="DESKTOP-O3QSOSB" name="testNGExamples.Testcase2" tests="1" failures="0" timestamp="24 Jul 2021 13:48:40 GMT" time="0.001" errors="0">
  <testcase name="InsuranceTest" time="0.001" classname="testNGExamples.Testcase2"/>
</testsuite> <!-- testNGExamples.Testcase2 -->
