<?xml version="1.0" encoding="UTF-8"?>
<!-- Generated by org.testng.reporters.JUnitReportReporter -->
<testsuite hostname="DESKTOP-O3QSOSB" name="testNGExamples.Testcase1" tests="3" failures="0" timestamp="24 Jul 2021 13:48:40 GMT" time="0.013" errors="0">
  <testcase name="CreditCardTest" time="0.002" classname="testNGExamples.Testcase1"/>
  <testcase name="LoanTest" time="0.009" classname="testNGExamples.Testcase1"/>
  <testcase name="LoanTest1" time="0.002" classname="testNGExamples.Testcase1"/>
</testsuite> <!-- testNGExamples.Testcase1 -->
